/home/imdpsopr/cloudmv/windflow/windflow-light/windflow/networks/raft/raft.py:99: FutureWarning: `torch.cuda.amp.autocast(args...)` is deprecated. Please use `torch.amp.autocast('cuda', args...)` instead.
  with autocast(enabled=self.args['mixed_precision']):
/home/imdpsopr/.local/lib/python3.9/site-packages/torch/amp/autocast_mode.py:266: UserWarning: User provided device_type of 'cuda', but CUDA is not available. Disabling
  warnings.warn(
/home/imdpsopr/cloudmv/windflow/windflow-light/windflow/networks/raft/raft.py:110: FutureWarning: `torch.cuda.amp.autocast(args...)` is deprecated. Please use `torch.amp.autocast('cuda', args...)` instead.
  with autocast(enabled=self.args['mixed_precision']):
/home/imdpsopr/.local/lib/python3.9/site-packages/torch/functional.py:554: UserWarning: torch.meshgrid: in an upcoming release, it will be required to pass the indexing argument. (Triggered internally at /pytorch/aten/src/ATen/native/TensorShape.cpp:4322.)
  return _VF.meshgrid(tensors, **kwargs)  # type: ignore[attr-defined]
/home/imdpsopr/cloudmv/windflow/windflow-light/windflow/networks/raft/raft.py:126: FutureWarning: `torch.cuda.amp.autocast(args...)` is deprecated. Please use `torch.amp.autocast('cuda', args...)` instead.
  with autocast(enabled=self.args['mixed_precision']):
Loaded checkpoint: model_weights/windflow.raft.pth.tar
Running INSAT transfer inference...
Region bounds: lat [0, 30], lon [70, 90]
Resolution: 0.1°
[DEBUG] split shapes x0=torch.Size([1, 1, 304, 208]) x1=torch.Size([1, 1, 304, 208]) upperleft=1
[DEBUG] batch 0 x0_batch=torch.Size([1, 1, 304, 208]) x1_batch=torch.Size([1, 1, 304, 208])
Inference complete!
Result keys: ['Rad', 'U', 'V']
U shape: (301, 201)
V shape: (301, 201)
U range (m/s): -32.80963302662001 to 12.730191286265617
V range (m/s): -10.43345755445163 to 7.393694301867961
Saved plot to insat-flows.png
